<?xml version="1.0" encoding="UTF-8"?>
<!-- Generated by org.testng.reporters.JUnitReportReporter -->
<testsuite skipped="0" hostname="KcTechAppiums-Mac-mini.local" name="com.Demo.pages.GmailTest" tests="1" failures="0" timestamp="12 Apr 2021 10:43:40 GMT" time="75.279" errors="0">
  <testcase name="NSS_OrangeHRM" time="75.279" classname="com.Demo.pages.GmailTest"/>
</testsuite> <!-- com.Demo.pages.GmailTest -->
