<?xml version="1.0" encoding="UTF-8"?>
<!-- Generated by org.testng.reporters.JUnitReportReporter -->
<testsuite skipped="0" hostname="KcTechAppiums-Mac-mini.local" name="com.Demo.pages.GmailTest" tests="1" failures="0" timestamp="15 Apr 2021 11:13:04 GMT" time="81.744" errors="0">
  <testcase name="NSS_OrangeHRM" time="81.744" classname="com.Demo.pages.GmailTest"/>
</testsuite> <!-- com.Demo.pages.GmailTest -->
