<?xml version="1.0" encoding="UTF-8"?>
<!-- Generated by org.testng.reporters.JUnitReportReporter -->
<testsuite skipped="0" hostname="KcTechAppiums-Mac-mini.local" name="com.Demo.pages.GmailTest" tests="1" failures="0" timestamp="13 Apr 2021 15:23:51 GMT" time="30.400" errors="0">
  <testcase name="NSS_OrangeHRM" time="30.400" classname="com.Demo.pages.GmailTest"/>
</testsuite> <!-- com.Demo.pages.GmailTest -->
